<?xml version="1.0" encoding="UTF-8"?>
<testng-results ignored="0" total="1" passed="1" failed="0" skipped="0">
  <reporter-output>
    <line>
      <![CDATA[laptops : has been passed to ---> [[ChromeDriver: chrome on MAC (b678dfae63f553dd8da2f5038237db79)] -> id: gh-search-input]<br>]]>
    </line>
    <line>
      <![CDATA[[[ChromeDriver: chrome on MAC (b678dfae63f553dd8da2f5038237db79)] -> xpath: //button[@title= 'submit search']] <--- has been clicked<br>]]>
    </line>
    <line>
      <![CDATA[[[ChromeDriver: chrome on MAC (b678dfae63f553dd8da2f5038237db79)] -> xpath: //button[@title= 'submit search']] <--- has been PRESENT<br>]]>
    </line>
    <line>
      <![CDATA[[[ChromeDriver: chrome on MAC (b678dfae63f553dd8da2f5038237db79)] -> xpath: //button[@title= 'submit search']] <--- is VISIBLE<br>]]>
    </line>
    <line>
      <![CDATA[[[ChromeDriver: chrome on MAC (b678dfae63f553dd8da2f5038237db79)] -> xpath: //button[@title= 'submit search']] <--- has been clicked<br>]]>
    </line>
    <line>
      <![CDATA[Proxy element for: DefaultElementLocator 'By.xpath: (//a[text() = 'HP - 15.6" Touch-Screen Laptop - Intel Core i7 - 16GB Memory - 512GB SSD - Natural Silver']) [1]' <--- has been clicked<br>]]>
    </line>
    <line>
      <![CDATA[[[ChromeDriver: chrome on MAC (b678dfae63f553dd8da2f5038237db79)] -> xpath: //input[@id = 'warranty-sku-5802904-warranty-selector']] <--- has been clicked<br>]]>
    </line>
    <line>
      <![CDATA[[[ChromeDriver: chrome on MAC (b678dfae63f553dd8da2f5038237db79)] -> xpath: //button[@class='c-button c-button-primary c-button-lg c-button-block c-button-icon c-button-icon-leading add-to-cart-button']] <--- has been clicked<br>]]>
    </line>
    <line>
      <![CDATA[Proxy element for: DefaultElementLocator 'By.xpath: //a[@class = 'c-button c-button-secondary c-button-sm c-button-block ']' <--- has been clicked<br>]]>
    </line>
    <line>
      <![CDATA[[[ChromeDriver: chrome on MAC (b678dfae63f553dd8da2f5038237db79)] -> xpath: //button[@class = 'btn btn-lg btn-block btn-primary']] <--- has been clicked<br>]]>
    </line>
    <line>
      <![CDATA[[[ChromeDriver: chrome on MAC (b678dfae63f553dd8da2f5038237db79)] -> xpath: //button[@class ='c-button c-button-secondary c-button-lg cia-guest-content__continue guest']] <--- has been clicked<br>]]>
    </line>
    <line>
      <![CDATA[[[ChromeDriver: chrome on MAC (b678dfae63f553dd8da2f5038237db79)] -> xpath: //button[@class = 'c-button-link card-call-to-action-button']] <--- has been clicked<br>]]>
    </line>
    <line>
      <![CDATA[[[ChromeDriver: chrome on MAC (b678dfae63f553dd8da2f5038237db79)] -> xpath: //input[@name= 'firstName']] <--- has been clicked<br>]]>
    </line>
    <line>
      <![CDATA[Nick : has been passed to ---> [[ChromeDriver: chrome on MAC (b678dfae63f553dd8da2f5038237db79)] -> xpath: //input[@name= 'firstName']]<br>]]>
    </line>
    <line>
      <![CDATA[[[ChromeDriver: chrome on MAC (b678dfae63f553dd8da2f5038237db79)] -> xpath: //input[@name= 'firstName']] <--- has been PRESENT<br>]]>
    </line>
    <line>
      <![CDATA[[[ChromeDriver: chrome on MAC (b678dfae63f553dd8da2f5038237db79)] -> xpath: //input[@name= 'firstName']] <--- is VISIBLE<br>]]>
    </line>
    <line>
      <![CDATA[[[ChromeDriver: chrome on MAC (b678dfae63f553dd8da2f5038237db79)] -> xpath: //input[@name= 'firstName']] <--- has been clicked<br>]]>
    </line>
    <line>
      <![CDATA[[[ChromeDriver: chrome on MAC (b678dfae63f553dd8da2f5038237db79)] -> xpath: //input[@name= 'lastName']] <--- has been clicked<br>]]>
    </line>
    <line>
      <![CDATA[John : has been passed to ---> [[ChromeDriver: chrome on MAC (b678dfae63f553dd8da2f5038237db79)] -> xpath: //input[@name= 'lastName']]<br>]]>
    </line>
    <line>
      <![CDATA[[[ChromeDriver: chrome on MAC (b678dfae63f553dd8da2f5038237db79)] -> xpath: //input[@name= 'lastName']] <--- has been PRESENT<br>]]>
    </line>
    <line>
      <![CDATA[[[ChromeDriver: chrome on MAC (b678dfae63f553dd8da2f5038237db79)] -> xpath: //input[@name= 'lastName']] <--- is VISIBLE<br>]]>
    </line>
    <line>
      <![CDATA[[[ChromeDriver: chrome on MAC (b678dfae63f553dd8da2f5038237db79)] -> xpath: //input[@name= 'lastName']] <--- has been clicked<br>]]>
    </line>
    <line>
      <![CDATA[[[ChromeDriver: chrome on MAC (b678dfae63f553dd8da2f5038237db79)] -> xpath: //input[@class= 'tb-input  autocomplete__input']] <--- has been clicked<br>]]>
    </line>
    <line>
      <![CDATA[25 E 104th St, New York NY : has been passed to ---> [[ChromeDriver: chrome on MAC (b678dfae63f553dd8da2f5038237db79)] -> xpath: //input[@class= 'tb-input  autocomplete__input']]<br>]]>
    </line>
    <line>
      <![CDATA[[[ChromeDriver: chrome on MAC (b678dfae63f553dd8da2f5038237db79)] -> xpath: //input[@class= 'tb-input  autocomplete__input']] <--- has been PRESENT<br>]]>
    </line>
    <line>
      <![CDATA[[[ChromeDriver: chrome on MAC (b678dfae63f553dd8da2f5038237db79)] -> xpath: //input[@class= 'tb-input  autocomplete__input']] <--- is VISIBLE<br>]]>
    </line>
    <line>
      <![CDATA[[[ChromeDriver: chrome on MAC (b678dfae63f553dd8da2f5038237db79)] -> xpath: //input[@class= 'tb-input  autocomplete__input']] <--- has been clicked<br>]]>
    </line>
    <line>
      <![CDATA[[[ChromeDriver: chrome on MAC (b678dfae63f553dd8da2f5038237db79)] -> xpath: //input[@name= 'city']] <--- has been clicked<br>]]>
    </line>
    <line>
      <![CDATA[New York : has been passed to ---> [[ChromeDriver: chrome on MAC (b678dfae63f553dd8da2f5038237db79)] -> xpath: //input[@name= 'city']]<br>]]>
    </line>
    <line>
      <![CDATA[[[ChromeDriver: chrome on MAC (b678dfae63f553dd8da2f5038237db79)] -> xpath: //input[@name= 'city']] <--- has been PRESENT<br>]]>
    </line>
    <line>
      <![CDATA[[[ChromeDriver: chrome on MAC (b678dfae63f553dd8da2f5038237db79)] -> xpath: //input[@name= 'city']] <--- is VISIBLE<br>]]>
    </line>
    <line>
      <![CDATA[[[ChromeDriver: chrome on MAC (b678dfae63f553dd8da2f5038237db79)] -> xpath: //input[@name= 'city']] <--- has been clicked<br>]]>
    </line>
    <line>
      <![CDATA[[[ChromeDriver: chrome on MAC (b678dfae63f553dd8da2f5038237db79)] -> xpath: //select[@id='state']] <--- has been clicked<br>]]>
    </line>
    <line>
      <![CDATA[[[ChromeDriver: chrome on MAC (b678dfae63f553dd8da2f5038237db79)] -> xpath: //select[@id='state']] <--- has been PRESENT<br>]]>
    </line>
    <line>
      <![CDATA[[[ChromeDriver: chrome on MAC (b678dfae63f553dd8da2f5038237db79)] -> xpath: //select[@id='state']] <--- is VISIBLE<br>]]>
    </line>
    <line>
      <![CDATA[NY : has been selected for ---> [[ChromeDriver: chrome on MAC (b678dfae63f553dd8da2f5038237db79)] -> xpath: //select[@id='state']]<br>]]>
    </line>
    <line>
      <![CDATA[[[ChromeDriver: chrome on MAC (b678dfae63f553dd8da2f5038237db79)] -> xpath: //input[@name='zipcode']] <--- has been clicked<br>]]>
    </line>
    <line>
      <![CDATA[10029 : has been passed to ---> [[ChromeDriver: chrome on MAC (b678dfae63f553dd8da2f5038237db79)] -> xpath: //input[@name='zipcode']]<br>]]>
    </line>
    <line>
      <![CDATA[[[ChromeDriver: chrome on MAC (b678dfae63f553dd8da2f5038237db79)] -> xpath: //input[@name='zipcode']] <--- has been PRESENT<br>]]>
    </line>
    <line>
      <![CDATA[[[ChromeDriver: chrome on MAC (b678dfae63f553dd8da2f5038237db79)] -> xpath: //input[@name='zipcode']] <--- is VISIBLE<br>]]>
    </line>
    <line>
      <![CDATA[[[ChromeDriver: chrome on MAC (b678dfae63f553dd8da2f5038237db79)] -> xpath: //input[@name='zipcode']] <--- has been clicked<br>]]>
    </line>
    <line>
      <![CDATA[[[ChromeDriver: chrome on MAC (b678dfae63f553dd8da2f5038237db79)] -> xpath: //button[@class= 'c-button c-button-secondary c-button-md new-address-form__button']] <--- has been clicked<br>]]>
    </line>
  </reporter-output>
  <suite started-at="2022-11-12T00:50:32 EST" name="Default suite" finished-at="2022-11-12T00:52:09 EST" duration-ms="97148">
    <groups>
    </groups>
    <test started-at="2022-11-12T00:50:32 EST" name="Default test" finished-at="2022-11-12T00:52:09 EST" duration-ms="97148">
      <class name="home.HomeTest">
        <test-method is-config="true" signature="setUpDriver()[pri:0, instance:home.HomeTest@bef2d72]" started-at="2022-11-12T00:50:32 EST" name="setUpDriver" finished-at="2022-11-12T00:50:40 EST" duration-ms="8524" status="PASS">
          <reporter-output>
          </reporter-output>
        </test-method> <!-- setUpDriver -->
        <test-method signature="laptopCheckout()[pri:1, instance:home.HomeTest@bef2d72]" started-at="2022-11-12T00:50:40 EST" name="laptopCheckout" finished-at="2022-11-12T00:52:08 EST" duration-ms="88155" status="PASS">
          <reporter-output>
            <line>
              <![CDATA[laptops : has been passed to ---> [[ChromeDriver: chrome on MAC (b678dfae63f553dd8da2f5038237db79)] -> id: gh-search-input]<br>]]>
            </line>
            <line>
              <![CDATA[[[ChromeDriver: chrome on MAC (b678dfae63f553dd8da2f5038237db79)] -> xpath: //button[@title= 'submit search']] <--- has been clicked<br>]]>
            </line>
            <line>
              <![CDATA[[[ChromeDriver: chrome on MAC (b678dfae63f553dd8da2f5038237db79)] -> xpath: //button[@title= 'submit search']] <--- has been PRESENT<br>]]>
            </line>
            <line>
              <![CDATA[[[ChromeDriver: chrome on MAC (b678dfae63f553dd8da2f5038237db79)] -> xpath: //button[@title= 'submit search']] <--- is VISIBLE<br>]]>
            </line>
            <line>
              <![CDATA[[[ChromeDriver: chrome on MAC (b678dfae63f553dd8da2f5038237db79)] -> xpath: //button[@title= 'submit search']] <--- has been clicked<br>]]>
            </line>
            <line>
              <![CDATA[Proxy element for: DefaultElementLocator 'By.xpath: (//a[text() = 'HP - 15.6" Touch-Screen Laptop - Intel Core i7 - 16GB Memory - 512GB SSD - Natural Silver']) [1]' <--- has been clicked<br>]]>
            </line>
            <line>
              <![CDATA[[[ChromeDriver: chrome on MAC (b678dfae63f553dd8da2f5038237db79)] -> xpath: //input[@id = 'warranty-sku-5802904-warranty-selector']] <--- has been clicked<br>]]>
            </line>
            <line>
              <![CDATA[[[ChromeDriver: chrome on MAC (b678dfae63f553dd8da2f5038237db79)] -> xpath: //button[@class='c-button c-button-primary c-button-lg c-button-block c-button-icon c-button-icon-leading add-to-cart-button']] <--- has been clicked<br>]]>
            </line>
            <line>
              <![CDATA[Proxy element for: DefaultElementLocator 'By.xpath: //a[@class = 'c-button c-button-secondary c-button-sm c-button-block ']' <--- has been clicked<br>]]>
            </line>
            <line>
              <![CDATA[[[ChromeDriver: chrome on MAC (b678dfae63f553dd8da2f5038237db79)] -> xpath: //button[@class = 'btn btn-lg btn-block btn-primary']] <--- has been clicked<br>]]>
            </line>
            <line>
              <![CDATA[[[ChromeDriver: chrome on MAC (b678dfae63f553dd8da2f5038237db79)] -> xpath: //button[@class ='c-button c-button-secondary c-button-lg cia-guest-content__continue guest']] <--- has been clicked<br>]]>
            </line>
            <line>
              <![CDATA[[[ChromeDriver: chrome on MAC (b678dfae63f553dd8da2f5038237db79)] -> xpath: //button[@class = 'c-button-link card-call-to-action-button']] <--- has been clicked<br>]]>
            </line>
            <line>
              <![CDATA[[[ChromeDriver: chrome on MAC (b678dfae63f553dd8da2f5038237db79)] -> xpath: //input[@name= 'firstName']] <--- has been clicked<br>]]>
            </line>
            <line>
              <![CDATA[Nick : has been passed to ---> [[ChromeDriver: chrome on MAC (b678dfae63f553dd8da2f5038237db79)] -> xpath: //input[@name= 'firstName']]<br>]]>
            </line>
            <line>
              <![CDATA[[[ChromeDriver: chrome on MAC (b678dfae63f553dd8da2f5038237db79)] -> xpath: //input[@name= 'firstName']] <--- has been PRESENT<br>]]>
            </line>
            <line>
              <![CDATA[[[ChromeDriver: chrome on MAC (b678dfae63f553dd8da2f5038237db79)] -> xpath: //input[@name= 'firstName']] <--- is VISIBLE<br>]]>
            </line>
            <line>
              <![CDATA[[[ChromeDriver: chrome on MAC (b678dfae63f553dd8da2f5038237db79)] -> xpath: //input[@name= 'firstName']] <--- has been clicked<br>]]>
            </line>
            <line>
              <![CDATA[[[ChromeDriver: chrome on MAC (b678dfae63f553dd8da2f5038237db79)] -> xpath: //input[@name= 'lastName']] <--- has been clicked<br>]]>
            </line>
            <line>
              <![CDATA[John : has been passed to ---> [[ChromeDriver: chrome on MAC (b678dfae63f553dd8da2f5038237db79)] -> xpath: //input[@name= 'lastName']]<br>]]>
            </line>
            <line>
              <![CDATA[[[ChromeDriver: chrome on MAC (b678dfae63f553dd8da2f5038237db79)] -> xpath: //input[@name= 'lastName']] <--- has been PRESENT<br>]]>
            </line>
            <line>
              <![CDATA[[[ChromeDriver: chrome on MAC (b678dfae63f553dd8da2f5038237db79)] -> xpath: //input[@name= 'lastName']] <--- is VISIBLE<br>]]>
            </line>
            <line>
              <![CDATA[[[ChromeDriver: chrome on MAC (b678dfae63f553dd8da2f5038237db79)] -> xpath: //input[@name= 'lastName']] <--- has been clicked<br>]]>
            </line>
            <line>
              <![CDATA[[[ChromeDriver: chrome on MAC (b678dfae63f553dd8da2f5038237db79)] -> xpath: //input[@class= 'tb-input  autocomplete__input']] <--- has been clicked<br>]]>
            </line>
            <line>
              <![CDATA[25 E 104th St, New York NY : has been passed to ---> [[ChromeDriver: chrome on MAC (b678dfae63f553dd8da2f5038237db79)] -> xpath: //input[@class= 'tb-input  autocomplete__input']]<br>]]>
            </line>
            <line>
              <![CDATA[[[ChromeDriver: chrome on MAC (b678dfae63f553dd8da2f5038237db79)] -> xpath: //input[@class= 'tb-input  autocomplete__input']] <--- has been PRESENT<br>]]>
            </line>
            <line>
              <![CDATA[[[ChromeDriver: chrome on MAC (b678dfae63f553dd8da2f5038237db79)] -> xpath: //input[@class= 'tb-input  autocomplete__input']] <--- is VISIBLE<br>]]>
            </line>
            <line>
              <![CDATA[[[ChromeDriver: chrome on MAC (b678dfae63f553dd8da2f5038237db79)] -> xpath: //input[@class= 'tb-input  autocomplete__input']] <--- has been clicked<br>]]>
            </line>
            <line>
              <![CDATA[[[ChromeDriver: chrome on MAC (b678dfae63f553dd8da2f5038237db79)] -> xpath: //input[@name= 'city']] <--- has been clicked<br>]]>
            </line>
            <line>
              <![CDATA[New York : has been passed to ---> [[ChromeDriver: chrome on MAC (b678dfae63f553dd8da2f5038237db79)] -> xpath: //input[@name= 'city']]<br>]]>
            </line>
            <line>
              <![CDATA[[[ChromeDriver: chrome on MAC (b678dfae63f553dd8da2f5038237db79)] -> xpath: //input[@name= 'city']] <--- has been PRESENT<br>]]>
            </line>
            <line>
              <![CDATA[[[ChromeDriver: chrome on MAC (b678dfae63f553dd8da2f5038237db79)] -> xpath: //input[@name= 'city']] <--- is VISIBLE<br>]]>
            </line>
            <line>
              <![CDATA[[[ChromeDriver: chrome on MAC (b678dfae63f553dd8da2f5038237db79)] -> xpath: //input[@name= 'city']] <--- has been clicked<br>]]>
            </line>
            <line>
              <![CDATA[[[ChromeDriver: chrome on MAC (b678dfae63f553dd8da2f5038237db79)] -> xpath: //select[@id='state']] <--- has been clicked<br>]]>
            </line>
            <line>
              <![CDATA[[[ChromeDriver: chrome on MAC (b678dfae63f553dd8da2f5038237db79)] -> xpath: //select[@id='state']] <--- has been PRESENT<br>]]>
            </line>
            <line>
              <![CDATA[[[ChromeDriver: chrome on MAC (b678dfae63f553dd8da2f5038237db79)] -> xpath: //select[@id='state']] <--- is VISIBLE<br>]]>
            </line>
            <line>
              <![CDATA[NY : has been selected for ---> [[ChromeDriver: chrome on MAC (b678dfae63f553dd8da2f5038237db79)] -> xpath: //select[@id='state']]<br>]]>
            </line>
            <line>
              <![CDATA[[[ChromeDriver: chrome on MAC (b678dfae63f553dd8da2f5038237db79)] -> xpath: //input[@name='zipcode']] <--- has been clicked<br>]]>
            </line>
            <line>
              <![CDATA[10029 : has been passed to ---> [[ChromeDriver: chrome on MAC (b678dfae63f553dd8da2f5038237db79)] -> xpath: //input[@name='zipcode']]<br>]]>
            </line>
            <line>
              <![CDATA[[[ChromeDriver: chrome on MAC (b678dfae63f553dd8da2f5038237db79)] -> xpath: //input[@name='zipcode']] <--- has been PRESENT<br>]]>
            </line>
            <line>
              <![CDATA[[[ChromeDriver: chrome on MAC (b678dfae63f553dd8da2f5038237db79)] -> xpath: //input[@name='zipcode']] <--- is VISIBLE<br>]]>
            </line>
            <line>
              <![CDATA[[[ChromeDriver: chrome on MAC (b678dfae63f553dd8da2f5038237db79)] -> xpath: //input[@name='zipcode']] <--- has been clicked<br>]]>
            </line>
            <line>
              <![CDATA[[[ChromeDriver: chrome on MAC (b678dfae63f553dd8da2f5038237db79)] -> xpath: //button[@class= 'c-button c-button-secondary c-button-md new-address-form__button']] <--- has been clicked<br>]]>
            </line>
          </reporter-output>
        </test-method> <!-- laptopCheckout -->
        <test-method is-config="true" signature="closingDriverSession()[pri:0, instance:home.HomeTest@bef2d72]" started-at="2022-11-12T00:52:08 EST" name="closingDriverSession" finished-at="2022-11-12T00:52:09 EST" duration-ms="427" status="PASS">
          <reporter-output>
          </reporter-output>
        </test-method> <!-- closingDriverSession -->
      </class> <!-- home.HomeTest -->
    </test> <!-- Default test -->
  </suite> <!-- Default suite -->
</testng-results>
